<?xml version="1.0" encoding="UTF-8"?>
<!-- Generated by org.testng.reporters.JUnitXMLReporter -->
<testsuite ignored="0" hostname="LAPTOP-FMQ1S04C" failures="0" tests="2" name="Error Validations Test" time="52.264" errors="0" timestamp="2023-12-10T00:34:07 IST">
  <testcase classname="rahulshettyacademy.tests.ErrorValidationsTest" name="LoginErrorValidation" time="3.21"/>
  <testcase classname="rahulshettyacademy.tests.ErrorValidationsTest" name="ProductErrorValidation" time="26.809"/>
</testsuite> <!-- Error Validations Test -->
